--------------- Clean Started: 02/22/2017 10:36:03 Project: DHT11 POC, Configuration: ARM GCC 4.9-2015-q1-update Debug ---------------
Deleting file ".\CortexM0\ARM_GCC_493\Debug\main.o"
Deleting file ".\CortexM0\ARM_GCC_493\Debug\cyfitter_cfg.o"
Deleting file ".\CortexM0\ARM_GCC_493\Debug\cybootloader.o"
Deleting file ".\CortexM0\ARM_GCC_493\Debug\cymetadata.o"
Deleting file ".\CortexM0\ARM_GCC_493\Debug\UART.o"
Deleting file ".\CortexM0\ARM_GCC_493\Debug\UART_SPI_UART.o"
Deleting file ".\CortexM0\ARM_GCC_493\Debug\UART_SPI_UART_INT.o"
Deleting file ".\CortexM0\ARM_GCC_493\Debug\UART_PM.o"
Deleting file ".\CortexM0\ARM_GCC_493\Debug\UART_UART.o"
Deleting file ".\CortexM0\ARM_GCC_493\Debug\UART_BOOT.o"
Deleting file ".\CortexM0\ARM_GCC_493\Debug\UART_UART_BOOT.o"
Deleting file ".\CortexM0\ARM_GCC_493\Debug\DHT.o"
Deleting file ".\CortexM0\ARM_GCC_493\Debug\DHT_PM.o"
Deleting file ".\CortexM0\ARM_GCC_493\Debug\Bootloadable_1.o"
Deleting file ".\CortexM0\ARM_GCC_493\Debug\UART_SCBCLK.o"
Deleting file ".\CortexM0\ARM_GCC_493\Debug\UART_tx.o"
Deleting file ".\CortexM0\ARM_GCC_493\Debug\UART_tx_PM.o"
Deleting file ".\CortexM0\ARM_GCC_493\Debug\UART_rx.o"
Deleting file ".\CortexM0\ARM_GCC_493\Debug\UART_rx_PM.o"
Deleting file ".\CortexM0\ARM_GCC_493\Debug\Cm0Start.o"
Deleting file ".\CortexM0\ARM_GCC_493\Debug\CyBootAsmGnu.o"
Deleting file ".\CortexM0\ARM_GCC_493\Debug\CyFlash.o"
Deleting file ".\CortexM0\ARM_GCC_493\Debug\CyLib.o"
Deleting file ".\CortexM0\ARM_GCC_493\Debug\cyPm.o"
Deleting file ".\CortexM0\ARM_GCC_493\Debug\cyutils.o"
Deleting file ".\CortexM0\ARM_GCC_493\Debug\CyLFClk.o"
Deleting file ".\CortexM0\ARM_GCC_493\Debug\DHT11 POC.hex"
Deleting file ".\CortexM0\ARM_GCC_493\Debug\DHT11 POC.elf"
Deleting file ".\CortexM0\ARM_GCC_493\Debug\DHT11 POC.map"
Deleting file ".\CortexM0\ARM_GCC_493\Debug\DHT11 POC.cyacd"
Deleting file ".\DHT11 POC.cycdx"
Deleting file ".\DHT11 POC.svd"
Deleting file ".\DHT11 POC.rpt"
Deleting file ".\DHT11 POC_timing.html"
Deleting file ".\CortexM0\ARM_GCC_493\Debug\.deps\SOURCE_C__ARM_GCC_GENERIC.P"
Deleting file ".\CortexM0\ARM_GCC_493\Debug\.deps\SOURCE_ASM__ARM_GCC_GENERIC.P"
--------------- Clean Succeeded: 02/22/2017 10:36:03 ---------------
